<?xml version="1.0" encoding="UTF-8"?>
<!-- Generated by org.testng.reporters.JUnitReportReporter -->
<testsuite skipped="0" hostname="DESKTOP-7HNKN0S" name="com.project.testcases.CaptureScreenshot" tests="1" failures="0" timestamp="30 Mar 2019 12:16:17 GMT" time="17.542" errors="0">
  <testcase name="getScreenshot" time="17.542" classname="com.project.testcases.CaptureScreenshot"/>
</testsuite> <!-- com.project.testcases.CaptureScreenshot -->
