<?xml version="1.0" encoding="UTF-8"?>
<!-- Generated by org.testng.reporters.JUnitReportReporter -->
<testsuite skipped="0" hostname="DESKTOP-7HNKN0S" name="com.project.testcases.Drag_Drop_HandlingFrames" tests="1" failures="0" timestamp="30 Mar 2019 12:16:17 GMT" time="9.902" errors="0">
  <testcase name="HandlingFrames" time="9.902" classname="com.project.testcases.Drag_Drop_HandlingFrames"/>
</testsuite> <!-- com.project.testcases.Drag_Drop_HandlingFrames -->
